(
(define-fun inv ((N1 Bool) (N10 Bool) (N16 Bool) (N19 Bool) (N7 Bool)) Bool (or N19 N7))
)
(
(define-fun inv ((N10 Bool) (N11 Bool) (N16 Bool) (N3 Bool) (N6 Bool)) Bool (or N10 N3))
)
(
(define-fun inv ((N10 Bool) (N16 Bool) (N19 Bool) (N2 Bool) (N3 Bool)) Bool (or N16 N2))
)
(
(define-fun inv ((N1 Bool) (N10 Bool) (N16 Bool) (N19 Bool)) Bool (or N1 N10))
)
(
(define-fun inv ((N10 Bool) (N16 Bool) (N19 Bool) (N22 Bool)) Bool (or N10 N22))
)
(
(define-fun inv ((N11 Bool) (N2 Bool) (N23 Bool) (N6 Bool) (N7 Bool)) Bool (or N11 N6))
)
(
(define-fun inv ((N10 Bool) (N11 Bool) (N16 Bool) (N19 Bool) (N2 Bool)) Bool (not (and N11 (= N16 N2))))
)
(
(define-fun inv ((N11 Bool) (N16 Bool) (N22 Bool) (N23 Bool) (N3 Bool)) Bool (= N22 (and N22 (or N23 N3))))
)
(
(define-fun inv ((N16 Bool) (N19 Bool) (N2 Bool) (N3 Bool) (N7 Bool)) Bool (or N16 (not (= N19 N7))))
)
(
(define-fun inv ((N1 Bool) (N16 Bool) (N2 Bool) (N22 Bool)) Bool (or N16 N2))
)
(
(define-fun inv ((N10 Bool) (N16 Bool) (N19 Bool) (N2 Bool) (N6 Bool)) Bool (or N16 N2))
)
(
(define-fun inv ((N11 Bool) (N22 Bool) (N23 Bool) (N7 Bool)) Bool (or N11 (not N23)))
)
(
(define-fun inv ((N1 Bool) (N10 Bool) (N22 Bool) (N6 Bool)) Bool (or N1 N10))
)
(
(define-fun inv ((N11 Bool) (N16 Bool) (N19 Bool) (N3 Bool)) Bool (or N11 N3))
)
(
(define-fun inv ((N10 Bool) (N11 Bool) (N16 Bool) (N23 Bool) (N3 Bool)) Bool (or N11 N16))
)
(
(define-fun inv ((N1 Bool) (N10 Bool) (N11 Bool) (N22 Bool) (N6 Bool)) Bool (or N1 N10))
)
(
(define-fun inv ((N16 Bool) (N22 Bool) (N3 Bool) (N7 Bool)) Bool (or N16 N22))
)
(
(define-fun inv ((N1 Bool) (N11 Bool) (N19 Bool) (N23 Bool) (N6 Bool)) Bool (or N11 N19))
)
(
(define-fun inv ((N11 Bool) (N19 Bool) (N2 Bool) (N22 Bool)) Bool (or N11 N19))
)
(
(define-fun inv ((N10 Bool) (N16 Bool) (N2 Bool) (N22 Bool) (N6 Bool)) Bool (or N10 N22))
)
(
(define-fun inv ((N1 Bool) (N10 Bool) (N19 Bool) (N2 Bool) (N7 Bool)) Bool (or N1 N10))
)
(
(define-fun inv ((N10 Bool) (N22 Bool) (N23 Bool) (N3 Bool)) Bool (or N10 N3))
)



# For testing
(
(define-fun inv ((N1 Bool) (N10 Bool) (N16 Bool) (N19 Bool) (N7 Bool)) Bool (or N7 N19))
)
