cvc5 1.2.0 [git tag 1.2.0 branch HEAD] assertions:off

Copyright (c) 2009-2023 by the authors and their institutional
affiliations listed at https://cvc5.github.io/people.html

cvc5 is open-source and is covered by the BSD license (modified).

THIS SOFTWARE IS PROVIDED AS-IS, WITHOUT ANY WARRANTIES.
USE AT YOUR OWN RISK.

This version of cvc5 is linked against the following non-(L)GPL'ed
third party libraries.

  CaDiCaL - Simplified Satisfiability Solver
  See https://github.com/arminbiere/cadical for copyright information.

  Editline Library
  See https://thrysoee.dk/editline
  for copyright information.

  SymFPU - The Symbolic Floating Point Unit
  See https://github.com/martin-cs/symfpu/tree/CVC4 for copyright information.

This version of cvc5 is linked against the following third party
libraries covered by the LGPLv3 license.
See licenses/lgpl-3.0.txt for more information.

  GMP - Gnu Multi Precision Arithmetic Library
  See http://gmplib.org for copyright information.

  LibPoly polynomial library
  See https://github.com/SRI-CSL/libpoly for copyright and
  licensing information.

cvc5 is statically linked against these libraries. To recompile
this version of cvc5 with different versions of these libraries
follow the instructions on https://github.com/cvc5/cvc5/blob/main/INSTALL.md

See the file COPYING (distributed with the source code, and with
all binaries) for the full cvc5 copyright, licensing, and (lack of)
warranty information.

