(bvuge x (bvsub x (bvor y (bvsub x y))))
(bvuge x (bvsub (bvnot y) (bvnot x)))
(bvuge (bvsub x (bvand x y)) (bvsub x y))
(bvuge (bvor x (bvnot y)) (bvsub x y))
(bvuge x (bvand y (bvsub x y)))
(bvuge (bvor x (bvnot (bvsub x y))) y)
(bvuge (bvor x (bvsub x (bvand x y))) y)
(bvuge (bvnot y) (bvnot x))
(bvuge x (bvand y (bvor x (bvsub x y))))
(bvuge x (bvor y (bvsub (bvor x y) x)))
(bvuge x (bvnot (bvadd y (bvnot x))))
(bvuge (bvnot (bvsub x y)) y)
(bvuge (bvnot (bvsub x y)) (bvnot x))
(bvuge x (bvor y (bvsub x y)))
(bvuge x (bvor y (bvsub y (bvand x y))))
(bvuge x (bvor y (bvand x (bvsub x y))))
(bvuge x (bvsub x y))
(bvuge x (bvor (bvand x y) (bvsub x y)))
(bvuge (bvxor y (bvor x y)) (bvsub x y))
(bvuge (bvadd y (bvnot x)) y)
(bvuge (bvnot y) (bvsub x y))
(bvuge x y)
(bvuge x (bvor y (bvxor x (bvor x y))))
(bvuge x (bvsub x (bvand y (bvsub x y))))
(bvuge x (bvand (bvor x y) (bvsub x y)))
(bvuge (bvsub x (bvand x (bvsub x y))) y)
(bvuge (bvand x (bvnot y)) (bvsub x y))
(bvuge (bvand x (bvnot (bvsub x y))) y)