
 /----------------------------------------------------------------------------\
 |  yosys -- Yosys Open SYnthesis Suite -- YosysHQ Edition [202507090559]     |
 |  Copyright (C) 2012 - 2025 YosysHQ GmbH                                    |
 |  For support, please contact support@yosyshq.com                           |
 \----------------------------------------------------------------------------/
 Yosys 0.55 (git sha1 60f126cd0, clang++ 18.1.8 -fPIC -O3)

-- Executing script file `design_prep.ys' --

1. Executing RTLIL frontend.
Input filename: design.il

2. Executing SCC pass (detecting logic loops).
Found 0 SCCs in module top.
Found 0 SCCs in module arb2_with_assertions.
Found 0 SCCs.

3. Executing SIMPLEMAP pass (map simple cells to gate primitives).

4. Executing MEMORY_NORDFF pass (extracting $dff cells from memories).

5. Executing ASYNC2SYNC pass.

6. Executing OPT_CLEAN pass (remove unused cells and wires).
Finding unused cells or wires in module \top..
Finding unused cells or wires in module \arb2_with_assertions..

7. Executing FORMALFF pass.

8. Executing OPT_CLEAN pass (remove unused cells and wires).
Finding unused cells or wires in module \arb2_with_assertions..
Finding unused cells or wires in module \top..
Removed 1 unused cells and 1 unused wires.
<suppressed ~2 debug messages>

9. Executing CHECK pass (checking for obvious problems).
Checking module arb2_with_assertions...
Checking module top...
Warning: Wire top.\clk is used but has no driver.
Found and reported 1 problems.

10. Executing SETUNDEF pass (replace undef values with defined constants).

11. Executing OPT pass (performing simple optimizations).

11.1. Executing OPT_EXPR pass (perform const folding).
Optimizing module arb2_with_assertions.
Optimizing module top.

11.2. Executing OPT_MERGE pass (detect identical cells).
Finding identical cells in module `\arb2_with_assertions'.
Finding identical cells in module `\top'.
Removed a total of 0 cells.

11.3. Executing OPT_DFF pass (perform DFF optimizations).

11.4. Executing OPT_CLEAN pass (remove unused cells and wires).
Finding unused cells or wires in module \arb2_with_assertions..
Finding unused cells or wires in module \top..
Removed 0 unused cells and 1 unused wires.
<suppressed ~1 debug messages>

11.5. Finished fast OPT passes.

12. Executing OPT_CLEAN pass (remove unused cells and wires).
Finding unused cells or wires in module \arb2_with_assertions..
Finding unused cells or wires in module \top..
Removed 0 unused cells and 1 unused wires.
<suppressed ~1 debug messages>

13. Executing RTLIL backend.
Output filename: ../model/design_prep.il

Warnings: 1 unique messages, 1 total
End of script. Logfile hash: 58486e4b8b, CPU: user 0.02s system 0.01s, MEM: 27.77 MB peak
Yosys 0.55 (git sha1 60f126cd0, clang++ 18.1.8 -fPIC -O3)
Time spent: 34% 4x opt_clean (0 sec), 12% 1x opt_expr (0 sec), ...
